1625660872052	geckodriver	INFO	Listening on 127.0.0.1:59154
1625660875135	mozrunner::runner	INFO	Running command: "C:\\Program Files\\Firefox Developer Edition\\firefox.exe" "--marionette" "--headless" "-foreground" "-no-remote" "-profile" "C:\\Users\\Neeraj\\AppData\\Local\\Temp\\rust_mozprofileuwRPko"
*** You are running in headless mode.
1625660890730	Marionette	INFO	Marionette enabled
[GFX1-]: RenderCompositorSWGL failed mapping default framebuffer, no dt
console.warn: SearchSettings: "get: No settings file exists, new profile?" (new NotFoundError("Could not open the file at C:\\Users\\Neeraj\\AppData\\Local\\Temp\\rust_mozprofileuwRPko\\search.json.mozlz4", (void 0)))
console.error: Region.jsm: "Error fetching region" (new Error("TIMEOUT", "resource://gre/modules/Region.jsm", 772))
console.error: Region.jsm: "Failed to fetch region" (new Error("TIMEOUT", "resource://gre/modules/Region.jsm", 419))
1625660913120	Marionette	INFO	Listening on port 59162
1625660913444	Marionette	WARN	TLS certificate errors will be ignored for this session
console.error: services.settings: 
  main/doh-config Signature failed  InvalidSignatureError: Invalid content signature (main/doh-config)
console.error: services.settings: 
  main/doh-config local data was corrupted
console.warn: services.settings: main/doh-config Signature verified failed. Retry from scratch
console.error: services.settings: 
  main/doh-providers Signature failed  InvalidSignatureError: Invalid content signature (main/doh-providers)
console.error: services.settings: 
  main/doh-providers local data was corrupted
console.warn: services.settings: main/doh-providers Signature verified failed. Retry from scratch
JavaScript error: , line 0: NS_ERROR_NOT_AVAILABLE
120	Marionette	INFO	Listening on port 55979
[Parent 4216, IPC I/O Parent] WARNING: file /builds/worker/checkouts/gecko/ipc/chromium/src/base/process_util_win.cc:167
1625661006537	Marionette	WARN	TLS certificate errors will be ignored for this session
1625661022109	Marionette	INFO	Stopped listening on port 55979
JavaScript error: resource://gre/modules/UrlClassifierListManager.jsm, line 691: TypeError: can't access property "provider", this.tablesData[table] is undefined
[Parent 4216, IPC I/O Parent] WARNING: file /builds/worker/checkouts/gecko/ipc/chromium/src/base/process_util_win.cc:167
[Parent 4216, IPC I/O Parent] WARNING: file /builds/worker/checkouts/gecko/ipc/chromium/src/base/process_util_win.cc:167

###!!! [Parent][RunMessage] Error: Channel closing: too late to send/recv, messages will be lost

1625669016977	geckodriver	INFO	Listening on 127.0.0.1:56279
1625669019713	mozrunner::runner	INFO	Running command: "C:\\Program Files\\Firefox Developer Edition\\firefox.exe" "--marionette" "--headless" "-foreground" "-no-remote" "-profile" "C:\\Users\\Neeraj\\AppData\\Local\\Temp\\rust_mozprofileckXUJ0"
*** You are running in headless mode.
1625669024571	Marionette	INFO	Marionette enabled
[GFX1-]: RenderCompositorSWGL failed mapping default framebuffer, no dt
console.warn: SearchSettings: "get: No settings file exists, new profile?" (new NotFoundError("Could not open the file at C:\\Users\\Neeraj\\AppData\\Local\\Temp\\rust_mozprofileckXUJ0\\search.json.mozlz4", (void 0)))
console.error: Region.jsm: "Error fetching region" (new Error("TIMEOUT", "resource://gre/modules/Region.jsm", 772))
console.error: Region.jsm: "Failed to fetch region" (new Error("TIMEOUT", "resource://gre/modules/Region.jsm", 419))
1625669051457	Marionette	INFO	Listening on port 56287
1625669051857	Marionette	WARN	TLS certificate errors will be ignored for this session
1625669072039	Marionette	INFO	Stopped listening on port 56287
[Parent 768, IPC I/O Parent] WARNING: file /builds/worker/checkouts/gecko/ipc/chromium/src/base/process_util_win.cc:167

###!!! [Parent][RunMessage] Error: Channel closing: too late to send/recv, messages will be lost

1625670672223	geckodriver	INFO	Listening on 127.0.0.1:54460
1625670675274	mozrunner::runner	INFO	Running command: "C:\\Program Files\\Firefox Developer Edition\\firefox.exe" "--marionette" "--headless" "-foreground" "-no-remote" "-profile" "C:\\Users\\Neeraj\\AppData\\Local\\Temp\\rust_mozprofile7UQMwE"
*** You are running in headless mode.
1625670679029	Marionette	INFO	Marionette enabled
[GFX1-]: RenderCompositorSWGL failed mapping default framebuffer, no dt
console.warn: SearchSettings: "get: No settings file exists, new profile?" (new NotFoundError("Could not open the file at C:\\Users\\Neeraj\\AppData\\Local\\Temp\\rust_mozprofile7UQMwE\\search.json.mozlz4", (void 0)))
1625670685980	Marionette	INFO	Listening on port 62406
1625670686254	Marionette	WARN	TLS certificate errors will be ignored for this session
1625670695252	Marionette	INFO	Stopped listening on port 62406
JavaScript error: resource://gre/modules/UrlClassifierListManager.jsm, line 691: TypeError: can't access property "provider", this.tablesData[table] is undefined
[Parent 4368, IPC I/O Parent] WARNING: file /builds/worker/checkouts/gecko/ipc/chromium/src/base/process_util_win.cc:167
[Parent 4368, IPC I/O Parent] WARNING: file /builds/worker/checkouts/gecko/ipc/chromium/src/base/process_util_win.cc:167
1625670883492	geckodriver	INFO	Listening on 127.0.0.1:65386
1625670886517	mozrunner::runner	INFO	Running command: "C:\\Program Files\\Firefox Developer Edition\\firefox.exe" "--marionette" "--headless" "-foreground" "-no-remote" "-profile" "C:\\Users\\Neeraj\\AppData\\Local\\Temp\\rust_mozprofileaLepgo"
*** You are running in headless mode.
1625670888559	Marionette	INFO	Marionette enabled
[GFX1-]: RenderCompositorSWGL failed mapping default framebuffer, no dt
console.warn: SearchSettings: "get: No settings file exists, new profile?" (new NotFoundError("Could not open the file at C:\\Users\\Neeraj\\AppData\\Local\\Temp\\rust_mozprofileaLepgo\\search.json.mozlz4", (void 0)))
1625670893317	Marionette	INFO	Listening on port 62026
1625670893785	Marionette	WARN	TLS certificate errors will be ignored for this session
1625670903014	Marionette	INFO	Stopped listening on port 62026
[Parent 9664, IPC I/O Parent] WARNING: file /builds/worker/checkouts/gecko/ipc/chromium/src/base/process_util_win.cc:167

###!!! [Parent][RunMessage] Error: Channel closing: too late to send/recv, messages will be lost

1625670967880	geckodriver	INFO	Listening on 127.0.0.1:50522
1625670970909	mozrunner::runner	INFO	Running command: "C:\\Program Files\\Firefox Developer Edition\\firefox.exe" "--marionette" "--headless" "-foreground" "-no-remote" "-profile" "C:\\Users\\Neeraj\\AppData\\Local\\Temp\\rust_mozprofileoUHAlE"
*** You are running in headless mode.
1625670972929	Marionette	INFO	Marionette enabled
[GFX1-]: RenderCompositorSWGL failed mapping default framebuffer, no dt
console.warn: SearchSettings: "get: No settings file exists, new profile?" (new NotFoundError("Could not open the file at C:\\Users\\Neeraj\\AppData\\Local\\Temp\\rust_mozprofileoUHAlE\\search.json.mozlz4", (void 0)))
1625670977795	Marionette	INFO	Listening on port 61353
1625670978826	Marionette	WARN	TLS certificate errors will be ignored for this session
1625670987530	Marionette	INFO	Stopped listening on port 61353
1625671270251	geckodriver	INFO	Listening on 127.0.0.1:62756
1625671273255	mozrunner::runner	INFO	Running command: "C:\\Program Files\\Firefox Developer Edition\\firefox.exe" "--marionette" "--headless" "-foreground" "-no-remote" "-profile" "C:\\Users\\Neeraj\\AppData\\Local\\Temp\\rust_mozprofileY6g1xe"
*** You are running in headless mode.
1625671275683	Marionette	INFO	Marionette enabled
[GFX1-]: RenderCompositorSWGL failed mapping default framebuffer, no dt
console.warn: SearchSettings: "get: No settings file exists, new profile?" (new NotFoundError("Could not open the file at C:\\Users\\Neeraj\\AppData\\Local\\Temp\\rust_mozprofileY6g1xe\\search.json.mozlz4", (void 0)))
1625671282777	Marionette	INFO	Listening on port 62764
1625671283168	Marionette	WARN	TLS certificate errors will be ignored for this session
1625671291202	Marionette	INFO	Stopped listening on port 62764
1625671506248	geckodriver	INFO	Listening on 127.0.0.1:61848
1625671509250	mozrunner::runner	INFO	Running command: "C:\\Program Files\\Firefox Developer Edition\\firefox.exe" "--marionette" "--headless" "-foreground" "-no-remote" "-profile" "C:\\Users\\Neeraj\\AppData\\Local\\Temp\\rust_mozprofile17NS8Q"
*** You are running in headless mode.
1625671510622	Marionette	INFO	Marionette enabled
[GFX1-]: RenderCompositorSWGL failed mapping default framebuffer, no dt
console.warn: SearchSettings: "get: No settings file exists, new profile?" (new NotFoundError("Could not open the file at C:\\Users\\Neeraj\\AppData\\Local\\Temp\\rust_mozprofile17NS8Q\\search.json.mozlz4", (void 0)))
1625671515843	Marionette	INFO	Listening on port 61856
1625671517169	Marionette	WARN	TLS certificate errors will be ignored for this session
1625671525078	Marionette	INFO	Stopped listening on port 61856
JavaScript error: resource://gre/modules/UrlClassifierListManager.jsm, line 691: TypeError: can't access property "provider", this.tablesData[table] is undefined
1625671704014	geckodriver	INFO	Listening on 127.0.0.1:49723
1625671707181	mozrunner::runner	INFO	Running command: "C:\\Program Files\\Firefox Developer Edition\\firefox.exe" "--marionette" "--headless" "-foreground" "-no-remote" "-profile" "C:\\Users\\Neeraj\\AppData\\Local\\Temp\\rust_mozprofileMQNYYJ"
*** You are running in headless mode.
1625671726315	Marionette	INFO	Marionette enabled
[GFX1-]: RenderCompositorSWGL failed mapping default framebuffer, no dt
console.warn: SearchSettings: "get: No settings file exists, new profile?" (new NotFoundError("Could not open the file at C:\\Users\\Neeraj\\AppData\\Local\\Temp\\rust_mozprofileMQNYYJ\\search.json.mozlz4", (void 0)))
1625671732434	Marionette	INFO	Listening on port 49516
[Parent 9856, IPC I/O Parent] WARNING: file /builds/worker/checkouts/gecko/ipc/chromium/src/base/process_util_win.cc:167
1625671733093	Marionette	WARN	TLS certificate errors will be ignored for this session
1625671742685	Marionette	INFO	Stopped listening on port 49516
1625673360567	geckodriver	INFO	Listening on 127.0.0.1:61369
1625673363567	mozrunner::runner	INFO	Running command: "C:\\Program Files\\Firefox Developer Edition\\firefox.exe" "--marionette" "--headless" "-foreground" "-no-remote" "-profile" "C:\\Users\\Neeraj\\AppData\\Local\\Temp\\rust_mozprofileU2lGgl"
*** You are running in headless mode.
1625673365573	Marione1625673366833	mozrunner::runner	INFO	Running command: "C:\\Program Files\\Firefox Developer Edition\\fconsole.warn: SearchSettings: "get: No settings file exists, new profile?" (new NotFoundError("Could not open the file at C:\\Users\\Neeraj\\Ap*** You are running in headless mode.
1625673382511	Marionette	INFO	Marionette enabled
[GFX1-]: RenderCompositorSWGL failed mapping default framebuffer, no dt
console.warn: SearchSettings: "get: No settings file exists, new profile?" (new NotFoundError("Could not open the file at C:\\Users\\Neeraj\\AppData\\Local\\Temp\\rust_mozprofile73qLjp\\search.json.mozlz4", (void 0)))
1625673390596	Marionette	INFO	Listening on port 61397
1625673390655	Marionette	WARN	TLS certificate errors will be ignored for this session
1625673401051	Marionette	INFO	Stopped listening on port 61397
JavaScript error: resource://gre/modules/AsyncShutdown.jsm, line 718: Error: Phase "Sqlite.jsm: wait until all connections are closed" is finished, it is too late to register completion condition "protections.sqlite#0: waiting for shutdown"
1625673524297	geckodriver	INFO	Listening on 127.0.0.1:56978
1625673527339	mozrunner::runner	INFO	Running command: "C:\\Program Files\\Firefox Developer Edition\\firefox.exe" "--marionette" "--headless" "-foreground" "-no-remote" "-profile" "C:\\Users\\Neeraj\\AppData\\Local\\Temp\\rust_mozprofileT3ow0Z"
*** You are running in headless mode.
1625673529724	Marionette	INFO	Marionette enabled
[GFX1-]: RenderCompositorSWGL failed mapping default framebuffer, no dt
console.warn: SearchSettings: "get: No settings file exists, new profile?" (new NotFoundError("Could not open the file at C:\\Users\\Neeraj\\AppData\\Local\\Temp\\rust_mozprofileT3ow0Z\\search.json.mozlz4", (void 0)))
1625673534515	Marionette	INFO	Listening on port 56986
1625673535066	Marionette	WARN	TLS certificate errors will be ignored for this session
1625673544864	Marionette	INFO	Stopped listening on port 56986

###!!! [Parent][RunMessage] Error: Channel closing: too late to send/recv, messages will be lost

1625673760109	geckodriver	INFO	Listening on 127.0.0.1:53410
1625673763132	mozrunner::runner	INFO	Running command: "C:\\P1625673765914	mozrunner::runner	INFO	Running command: "C:\\Program Files\\Firefox Developer Edition\\firefox.exe" "--marionette" "--headless" "-foreground" "-no-remote" "-profile" "C:\\Users\\Neeraj\\AppData\\Local\\Temp\\rust_mozprofilen75iR7"
*** You are running in headless mode.
1625673767264	Marionette	INFO	Marionette enabled
[GFX1-]: RenderCompositorSWGL failed mapping default framebuffer, no dt
console.warn: SearchSettings: "get: No settings file exists, new profile?" (new NotFoundError("Could not open the file at C:\\Users\\Neeraj\\AppData\\Local\\Te1625673774318	Marionette	INFO	Listening on port 57652
16256[Parent 9804, IPC I/O Parent] WARNING: file /builds/worker/checkouts/gecko/ipc/chr1625673786733	Marionette	INFO	Stopped listening on port 57652
[Parent 6724, IPC I/O Parent] WARNING: file /builds/worker/checkouts/gecko/ipc/chromium/src/base/process_util_win.cc:161625673791430	Marionette	INFO	Stopped listening on port 57670
[Parent 9804, IPC I/O Parent] WARNING: file /builds/worker/checkouts/gecko/ipc/chromium/src/base/process_util_win.cc:167

###!!! [Parent][RunMessage] Error: Channel closing: too late to send/recv, messages will be lost

1625674403597	geckodriver	INFO	Listening on 127.0.0.1:55124
1625674406596	mozrunner::runner	INFO	Running command: "C:\\Program Files\\Firefox Developer Edition\\firefox.exe" "--marionette" "--headless" "-foreground" "-no-remote" "-profile" "C:\\Users\\Neeraj\\AppData\\Local\\Temp\\rust_mozprofileyTac9V"
*** You are running in headless mode.
1625674408620	Marionette	INFO	Marionette enabled
[GFX1-]: RenderCompositorSWGL failed mapping default framebuffer, no dt
console.warn: SearchSettings: "get: No settings file exists, new profile?" (new NotFoundError("Could not open the file at C:\\Users\\Neeraj\\AppData\\Local\\Temp\\rust_mozprofileyTac9V\\search.json.mozlz4", (void 0)))
1625674413791	Marionette	INFO	Listening on port 55132
1625674415571	Marionette	WARN	TLS certificate errors will be ignored for this session
console.warn: services.settings: main/doh-config Signature verified failed. Retry from scratch
console.warn: services.settings: main/doh-providers Signature verified failed. Retry from scratch
dless" "-foreground" "-no-remote" "-profile" "C:\\Users\\Neeraj\\AppData\\Local\\Temp\\rust_mozprofileuo8VTM"
*** You are running in headless mode.
1625674430644	Marionette	INFO	Marionette enabled
[GFX1-]: RenderCompositorSWGL failed mapping default framebuffer, no dt
console.warn: SearchSettings: "get: No settings file exists, new profile?" (new NotFoundError("Could not open the file at C:\\Users\\Neeraj\\AppData\\Local\\Temp\\rust_mozprofileuo8VTM\\search.json.mozlz4", (void 0)))
1625674435700	Marionette	INFO	Listening on port 63990
1625674435765	Marionette	WARN	TLS certificate errors will be ignored for this session
1625674449300	Marionette	INFO	Stopped listening on port 63990
[Parent 11040, IPC I/O Parent] WARNING: file /builds/worker/checkouts/gecko/ipc/chromium/src/base/process_util_win.cc:167
1625732776260	geckodriver	INFO	Listening on 127.0.0.1:49898
1625732779323	mozrunner::runner	INFO	Running command: "C:\\Program Files\\Firefox Developer Edition\\firefox.exe" "--marionette" "--headless" "-foreground" "-no-remote" "-profile" "C:\\Users\\Neeraj\\AppData\\Local\\Temp\\rust_mozprofiled9y6uH"
*** You are running in headless mode.
1625732787899	Marionette	INFO	Marionette enabled
[Parent 4552, IPC I/O Parent] WARNING: file /builds/worker/checkouts/gecko/ipc/chromium/src/base/process_util_win.cc:167
[GFX1-]: RenderCompositorSWGL failed mapping default framebuffer, no dt
console.warn: SearchSettings: "get: No settings file exists, new profile?" (new NotFoundError("Could not open the file at C:\\Users\\Neeraj\\AppData\\Local\\Temp\\rust_mozprofiled9y6uH\\search.json.mozlz4", (void 0)))
console.error: Region.jsm: "Error fetching region" (new Error("TIMEOUT", "resource://gre/modules/Region.jsm", 772))
console.error: Region.jsm: "Failed to fetch region" (new Error("TIMEOUT", "resource://gre/modules/Region.jsm", 419))
1625732824533	Marionette	INFO	Listening on port 49906
1625732825414	Marionette	WARN	TLS certificate errors will be ignored for this session
1625732839796	Marionette	INFO	Stopped listening on port 49906
[Parent 4552, IPC I/O Parent] WARNING: file /builds/worker/checkouts/gecko/ipc/chromium/src/base/process_util_win.cc:167

###!!! [Parent][RunMessage] Error: Channel closing: too late to send/recv, messages will be lost

1625734008864	geckodriver	INFO	Listening on 127.0.0.1:60458
1625734011895	mozrunner::runner	INFO	Running command: "C:\\Program Files\\Firefox Developer Edition\\firefox.exe" "--marionette" "--headless" "-foreground" "-no-remote" "-profile" "C:\\Users\\Neeraj\\AppData\\Local\\Temp\\rust_mozprofileqNIDPm"
*** You are running in headless mode.
1625734014315	Marionette	INFO	Marionette enabled
[GFX1-]: RenderCompositorSWGL failed mapping default framebuffer, no dt
console.warn: SearchSettings: "get: No settings file exists, new profile?" (new NotFoundError("Could not open the file at C:\\Users\\Neeraj\\AppData\\Local\\Temp\\rust_mozprofileqNIDPm\\search.json.mozlz4", (void 0)))
1625734018654	Marionette	INFO	Listening on port 60468

###!!! [Child][MessageChannel] Error: (msgtype=0x390099,name=PContent::Msg_InitBackground) Channel closing: too late to send/recv, messages will be lost

1625734019557	Marionette	WARN	TLS certificate errors will be ignored for this session
1625734030780	Marionette	INFO	Stopped listening on port 60468

###!!! [Parent][RunMessage] Error: Channel closing: too late to send/recv, messages will be lost

1625734135970	geckodriver	INFO	Listening on 127.0.0.1:50156
1625734138994	mozrunner::runner	INFO	Running command: "C:\\Program Files\\Firefox Developer Edition\\firefox.exe" "--marionette" "--headless" "-foreground" "-no-remote" "-profile" "C:\\Users\\Neeraj\\AppData\\Local\\Temp\\rust_mozprofileSAgIg3"
*** You are running in headless mode.
1625734140854	Marionette	INFO	Marionette enabled
[GFX1-]: RenderCompositorSWGL failed mapping default framebuffer, no dt
console.warn: SearchSettings: "get: No settings file exists, new profile?" (new NotFoundError("Could not open the file at C:\\Users\\Neeraj\\AppData\\Local\\Temp\\rust_mozprofileSAgIg3\\search.json.mozlz4", (void 0)))
1625734146044	Marionette	INFO	Listening on port 50164
1625734146241	Marionette	WARN	TLS certificate errors will be ignored for this session
1625734158057	Marionette	INFO	Stopped listening on port 50164
[Parent 2360, IPC I/O Parent] WARNING: file /builds/worker/checkouts/gecko/ipc/chromium/src/base/process_util_win.cc:167

###!!! [Parent][RunMessage] Error: Channel closing: too late to send/recv, messages will be lost

1625734308967	geckodriver	INFO	Listening on 127.0.0.1:59013
1625734312010	mozrunner::runner	INFO	Running command: "C:\\Program Files\\Firefox Developer Edition\\firefox.exe" "--marionette" "--headless" "-foreground" "-no-remote" "-profile" "C:\\Users\\Neeraj\\AppData\\Local\\Temp\\rust_mozprofile1TW5WQ"
*** You are running in headless mode.
1625734314048	Marionette	INFO	Marionette enabled
[GFX1-]: RenderCompositorSWGL failed mapping default framebuffer, no dt
console.warn: SearchSettings: "get: No settings file exists, new profile?" (new NotFoundError("Could not open the file at C:\\Users\\Neeraj\\AppData\\Local\\Temp\\rust_mozprofile1TW5WQ\\search.json.mozlz4", (void 0)))
1625734321333	Marionette	INFO	Listening on port 59021
1625734322625	Marionette	WARN	TLS certificate errors will be ignored for this session
1625734332144	Marionette	INFO	Stopped listening on port 59021
[Child 2420, IPC I/O Child] WARNING: pipe error: 232: file /builds/worker/checkouts/gecko/ipc/chromium/src/chrome/common/ipc_channel_win.cc:544
1625736127635	geckodriver	INFO	Listening on 127.0.0.1:52667
1625736130641	mozrunner::runner	INFO	Running command: "C:\\Program Files\\Firefox Developer Edition\\firefox.exe" "--marionette" "--headless" "-foreground" "-no-remote" "-profile" "C:\\Users\\Neeraj\\AppData\\Local\\Temp\\rust_mozprofileLyIHP7"
*** You are running in headless mode.
1625736136459	Marionette	INFO	Marionette enabled
[GFX1-]: RenderCompositorSWGL failed mapping default framebuffer, no dt
console.warn: SearchSettings: "get: No settings file exists, new profile?" (new NotFoundError("Could not open the file at C:\\Users\\Neeraj\\AppData\\Local\\Temp\\rust_mozprofileLyIHP7\\search.json.mozlz4", (void 0)))
1625736146331	Marionette	INFO	Listening on port 52675
1625736146915	Marionette	WARN	TLS certificate errors will be ignored for this session
1625736161474	Marionette	INFO	Stopped listening on port 52675
JavaScript error: resource://gre/modules/UrlClassifierListManager.jsm, line 691: TypeError: can't access property "provider", this.tablesData[table] is undefined
[Parent 11208, IPC I/O Parent] WARNING: file /builds/worker/checkouts/gecko/ipc/chromium/src/base/process_util_win.cc:167
[Parent 11208, IPC I/O Parent] WARNING: file /builds/worker/checkouts/gecko/ipc/chromium/src/base/process_util_win.cc:167

###!!! [Parent][RunMessage] Error: Channel closing: too late to send/recv, messages will be lost

1625736610033	geckodriver	INFO	Listening on 127.0.0.1:60706
1625736613079	mozrunner::runner	INFO	Running command: "C:\\Program Files\\Firefox Developer Edition\\firefox.exe" "--marionette" "--headless" "-foreground" "-no-remote" "-profile" "C:\\Users\\Neeraj\\AppData\\Local\\Temp\\rust_mozprofilekgF4oY"
*** You are running in headless mode.
1625736613903	Marionette	INFO	Marionette enabled
[GFX1-]: RenderCompositorSWGL failed mapping default framebuffer, no dt
console.warn: SearchSettings: "get: No settings file exists, new profile?" (new NotFoundError("Could not open the file at C:\\Users\\Neeraj\\AppData\\Local\\Temp\\rust_mozprofilekgF4oY\\search.json.mozlz4", (void 0)))
1625736618162	Marionette	INFO	Listening on port 60714

###!!! [Child][MessageChannel] Error: (msgtype=0x390099,name=PContent::Msg_InitBackground) Channel closing: too late to send/recv, messages will be lost


###!!! [Child][MessageChannel] Error: (msgtype=0x390099,name=PContent::Msg_InitBackground) Channel closing: too late to send/recv, messages will be lost

1625736618935	Marionette	WARN	TLS certificate errors will be ignored for this session
1625736630008	Marionette	INFO	Stopped listening on port 60714
[Parent 3812, IPC I/O Parent] WARNING: file /builds/worker/checkouts/gecko/ipc/chromium/src/base/process_util_win.cc:167
1625736791102	geckodriver	INFO	Listening on 127.0.0.1:58643
1625736794126	mozrunner::runner	INFO	Running command: "C:\\Program Files\\Firefox Developer Edition\\firefox.exe" "--marionette" "--headless" "-foreground" "-no-remote" "-profile" "C:\\Users\\Neeraj\\AppData\\Local\\Temp\\rust_mozprofile2xS6ot"
*** You are running in headless mode.
1625736796023	Marionette	INFO	Marionette enabled
[GFX1-]: RenderCompositorSWGL failed mapping default framebuffer, no dt
console.warn: SearchSettings: "get: No settings file exists, new profile?" (new NotFoundError("Could not open the file at C:\\Users\\Neeraj\\AppData\\Local\\Temp\\rust_mozprofile2xS6ot\\search.json.mozlz4", (void 0)))
console.error: Region.jsm: "Error fetching region" (new Error("TIMEOUT", "resource://gre/modules/Region.jsm", 772))
console.error: Region.jsm: "Failed to fetch region" (new Error("TIMEOUT", "resource://gre/modules/Region.jsm", 419))
1625736803708	Marionette	INFO	Listening on port 58651
1625736803999	Marionette	WARN	TLS certificate errors will be ignored for this session
1625736813961	Marionette	INFO	Stopped listening on port 58651
1625737017687	geckodriver	INFO	Listening on 127.0.0.1:64785
1625737020718	mozrunner::runner	INFO	Running command: "C:\\Program Files\\Firefox Developer Edition\\firefox.exe" "--marionette" "--headless" "-foreground" "-no-remote" "-profile" "C:\\Users\\Neeraj\\AppData\\Local\\Temp\\rust_mozprofilebOmr6c"
*** You are running in headless mode.
1625737022639	Marionette	INFO	Marionette enabled
[GFX1-]: RenderCompositorSWGL failed mapping default framebuffer, no dt
console.warn: SearchSettings: "get: No settings file exists, new profile?" (new NotFoundError("Could not open the file at C:\\Users\\Neeraj\\AppData\\Local\\Temp\\rust_mozprofilebOmr6c\\search.json.mozlz4", (void 0)))
1625737028026	Marionette	INFO	Listening on port 64793
1625737028486	Marionette	WARN	TLS certificate errors will be ignored for this session
1625737036931	Marionette	INFO	Stopped listening on port 64793

###!!! [Parent][RunMessage] Error: Channel closing: too late to send/recv, messages will be lost

1625825354656	geckodriver	INFO	Listening on 127.0.0.1:59260
1625825357740	mozrunner::runner	INFO	Running command: "C:\\Program Files\\Firefox Developer Edition\\firefox.exe" "--marionette" "--headless" "-foreground" "-no-remote" "-profile" "C:\\Users\\Neeraj\\AppData\\Local\\Temp\\rust_mozprofilemRdlI0"
*** You are running in headless mode.
1625825368295	Marionette	INFO	Marionette enabled
[GFX1-]: RenderCompositorSWGL failed mapping default framebuffer, no dt
console.warn: SearchSettings: "get: No settings file exists, new profile?" (new NotFoundError("Could not open the file at C:\\Users\\Neeraj\\AppData\\Local\\Temp\\rust_mozprofilemRdlI0\\search.json.mozlz4", (void 0)))
console.error: Region.jsm: "Error fetching region" (new Error("TIMEOUT", "resource://gre/modules/Region.jsm", 772))
console.error: Region.jsm: "Failed to fetch region" (new Error("TIMEOUT", "resource://gre/modules/Region.jsm", 419))
1625825392519	Marionette	INFO	Listening on port 59268
1625825393076	Marionette	WARN	TLS certificate errors will be ignored for this session
1625825418139	Marionette	INFO	Stopped listening on port 59268
[Parent 2600, IPC I/O Parent] WARNING: file /builds/worker/checkouts/gecko/ipc/chromium/src/base/process_util_win.cc:167
1625826933615	geckodriver	INFO	Listening on 127.0.0.1:62999
1625826936641	mozrunner::runner	INFO	Running command: "C:\\Program Files\\Firefox Developer Edition\\firefox.exe" "--marionette" "--headless" "-foreground" "-no-remote" "-profile" "C:\\Users\\Neeraj\\AppData\\Local\\Temp\\rust_mozprofile2LPmSb"
*** You are running in headless mode.
1625826942038	Marionette	INFO	Marionette enabled
[Parent 7120, IPC I/O Parent] WARNING: file /builds/worker/checkouts/gecko/ipc/chromium/src/base/process_util_win.cc:167
[GFX1-]: RenderCompositorSWGL failed mapping default framebuffer, no dt
console.warn: SearchSettings: "get: No settings file exists, new profile?" (new NotFoundError("Could not open the file at C:\\Users\\Neeraj\\AppData\\Local\\Temp\\rust_mozprofile2LPmSb\\search.json.mozlz4", (void 0)))
console.error: Region.jsm: "Error fetching region" (new Error("TIMEOUT", "resource://gre/modules/Region.jsm", 772))
console.error: Region.jsm: "Failed to fetch region" (new Error("TIMEOUT", "resource://gre/modules/Region.jsm", 419))
1625826977152	Marionette	INFO	Listening on port 65130
1625826977552	Marionette	WARN	TLS certificate errors will be ignored for this session
1625826990462	Marionette	INFO	Stopped listening on port 65130
[Parent 7120, IPC I/O Parent] WARNING: file /builds/worker/checkouts/gecko/ipc/chromium/src/base/process_util_win.cc:167
[Parent 7120, IPC I/O Parent] WARNING: file /builds/worker/checkouts/gecko/ipc/chromium/src/base/process_util_win.cc:167

###!!! [Parent][RunMessage] Error: Channel closing: too late to send/recv, messages will be lost

1625827120260	geckodriver	INFO	Listening on 127.0.0.1:56790
1625827123268	mozrunner::runner	INFO	Running command: "C:\\P1625827124111	mozrunner::runner	INFO	Running command: "C:\\Program Files\\Firefox Developer Edition\\firefox.exe" "--marionette" "--headless" "-foreground" "-no-remote" "-profile" "C:\\*** You are running in headless mode.
1625827125761	Marionette	INFO	Marionette enabled
[GFX1-]: RenderCompositorSWGL failed mapping default framebuffer, no dt
console.warn: SearchSettings: "get: No settings file exists, new profile?" (new NotFoundError("Could not open the file at C:\\Users\\Neeraj\\AppData\\Local\\Temp\\rust_mozprofilekmPMLj\\search.json.mozlz4", (void 0)))
console.error: Region.jsm: "Error fetching region" (new Error("TIMEOUT", "resource://gre/modules/Region.jsm", 772))
console.error: Region.jsm: "Failed to fetch region" (new Error("TIMEOUT", "resource://gre/modules/Region.jsm", 419))
console.error: "Could not write session state file " (new Error("_initWorker called too early! Please read the session file from disk first.", "resource:///modules/sessionstore/SessionFile.jsm", 375)) "_initWorker/<@resource:///modules/sessionstore/SessionFile.jsm:375:15\n_initWorker@resource:///modules/sessionstore/SessionFile.jsm:368:12\n_postToWorker@reso1625827171816	Marionette	INFO	Stopped listening on port 56809
[Parent 7216, IPC I/O Parent] WARNING: file /builds/worker/checkouts/gecko/ipc/chromium/src/base/process_util_win.cc:167
console.warn: services.settings: main/message-groups sync interrupted by shutdown
console.warn: services.settings: main/cfr-fxa sync interrupted by shutdown
console.warn: services.settings: main/cfr sync interrupted by shutdown
console.warn: services.settings: main/message-groups sync interrupted by shutdown
console.warn: SearchService: "_init: abandoning init due to shutting down"
JavaScript error: , line 0: uncaught exception: 2147500036
JavaScript error: , line 0: uncaught exception: 2147500036
JavaScript error: , line 0: uncaught exception: 2147500036
JavaScript error: , line 0: uncaught exception: 2147500036
JavaScript error: , line 0: uncaught exception: 2147500036
JavaScript error: , line 0: uncaught exception: 2147500036
console.warn: services.settings: main/cfr-fxa sync interrupt[Parent 7216, IPC I/O Parent] WARNING: file /builds/worker/checkouts/gecko/ipc/chromium/console.warn: services.settings: m*** UTM:SVC TimerManager:registerTimer called after profile-before-change notification. Ignoring timer registration for id: telemetryconsole.error: (new Error("SessionFile is closed", "resource:///modules/sessionstore/SessionFile.jsm", 433))
g timer registration for id: telemetry_untrustedmodules_ping
console.error: (new Error("SessionFile is closed", "resource:///modules/sessionstore/SessionFile.jsm", 433))
1625827360205	geckodriver	INFO	Listening on 127.0.0.1:50724
1625827363194	mozrunner::runner	INFO	Running command: "C:\\Program Files\\Firefox Developer Edition\\firefox.exe" "--marionette" "--headless" "-foreground" "-no-remote" "-profile" "C:\\Users\\Neeraj\\AppData\\Local\\Temp\\rust_mozprofileUXE1tI"
*** You are running in headless mode.
1625827365269	Marionette	INFO	Marionette enabled
[GFX1-]: RenderCompositorSWGL failed mapping default framebuffer, no dt
console.warn: SearchSettings: "get: No settings file exists, new profile?" (new NotFoundError("Could not open the file at C:\\Users\\Neeraj\\AppData\\Local\\Temp\\rust_mozprofileUXE1tI\\search.json.mozlz4", (void 0)))
1625827373201	Marionette	INFO	Listening on port 50732
1625827373624	Marionette	WARN	TLS certificate errors will be ignored for this session
1625827382480	Marionette	INFO	Stopped listening on port 50732
1625828171654	geckodriver	INFO	Listening on 127.0.0.1:52882
1625828174673	mozrunner::runner	INFO	Running command: "C:\\Program Files\\Firefox Developer Edition\\firefox.exe" "--marionette" "--headless" "-foreground" "-no-remote" "-profile" "C:\\Users\\Neeraj\\AppData\\Local\\Temp\\rust_mozprofileYbqUns"
*** You are running in headless mode.
1625828176675	Marionette	INFO	Marionette enabled
[GFX1-]: RenderCompositorSWGL failed mapping default framebuffer, no dt
console.warn: SearchSettings: "get: No settings file exists, new profile?" (new NotFoundError("Could not open the file at C:\\Users\\Neeraj\\AppData\\Local\\Temp\\rust_mozprofileYbqUns\\search.json.mozlz4", (void 0)))
1625828182888	Marionette	INFO	Listening on port 52890
1625828182989	Marionette	WARN	TLS certificate errors will be ignored for this session
console.error: services.settings: 
  main/doh-config Signature failed  InvalidSignatureError: Invalid content signature (main/doh-config)
console.error: services.settings: 
  main/doh-config local data was corrupted
console.warn: services.settings: main/doh-config Signature verified failed. Retry from scratch
console.error: services.settings: 
  main/doh-providers Signature failed  InvalidSignatureError: Invalid content signature (main/doh-providers)
console.error: services.settings: 
  main/doh-providers local data was corrupted
console.warn: services.settings: main/doh-providers Signature verified failed. Retry from scratch
JavaScript error: , line 0: NS_ERROR_NOT_AVAILABLE
793	Marionette	INFO	Listening on port 63871
1625828207411	Marionette	WARN	TLS certificate errors will be ignored for this session
1625828214484	Marionette	INFO	Stopped listening on port 63871
[Parent 2600, IPC I/O Parent] WARNING: file /builds/worker/checkouts/gecko/ipc/chromium/src/base/process_util_win.cc:167
[Child 8320, IPC I/O Child] WARNING: pipe error: 232: file /builds/worker/checkouts/gecko/ipc/chromium/src/chrome/common/ipc_channel_win.cc:544
[Parent 2600, IPC I/O Parent] WARNING: file /builds/worker/checkouts/gecko/ipc/chromium/src/base/process_util_win.cc:167

###!!! [Parent][RunMessage] Error: Channel closing: too late to send/recv, messages will be lost

1625828426550	geckodriver	INFO	Listening on 127.0.0.1:62857
1625828429560	mozrunner::runner	INFO	Running command: "C:\\Program Files\\Firefox Developer Edition\\firefox.exe" "--marionette" "--headless" "-foreground" "-no-remote" "-profile" "C:\\Users\\Neeraj\\AppData\\Local\\Temp\\rust_mozprofileDeiyUs"
*** You are running in headless mode.
1625828431776	Marionette	INFO	Marionette enabled
[GFX1-]: RenderCompositorSWGL failed mapping default framebuffer, no dt
console.warn: SearchSettings: "get: No settings file exists, new profile?" (new NotFoundError("Could not open the file at C:\\Users\\Neeraj\\AppData\\Local\\Temp\\rust_mozprofileDeiyUs\\search.json.mozlz4", (void 0)))
1625828438366	Marionette	INFO	Listening on port 57745
1625828438400	Marionette	WARN	TLS certificate errors will be ignored for this session
1625828446442	Marionette	INFO	Stopped listening on port 57745
[Parent 7416, IPC I/O Parent] WARNING: file /builds/worker/checkouts/gecko/ipc/chromium/src/base/process_util_win.cc:167
JavaScript error: resource://gre/modules/UrlClassifierListManager.jsm, line 691: TypeError: can't access property "provider", this.tablesData[table] is undefined

###!!! [Parent][RunMessage] Error: Channel closing: too late to send/recv, messages will be lost


###!!! [Parent][RunMessage] Error: Channel closing: too late to send/recv, messages will be lost

1625828815805	geckodriver	INFO	Listening on 127.0.0.1:49468
1625828818858	mozrunner::runner	INFO	Running command: "C:\\Program Files\\Firefox Developer Edition\\firefox.exe" "--marionette" "--headless" "-foreground" "-no-remote" "-profile" "C:\\Users\\Neeraj\\AppData\\Local\\Temp\\rust_mozprofilec27kYy"
*** You are running in headless mode.
1625828820802	Marionette	INFO	Marionette enabled
[GFX1-]: RenderCompositorSWGL failed mapping default framebuffer, no dt
console.warn: SearchSettings: "get: No settings file exists, new profile?" (new NotFoundError("Could not open the file at C:\\Users\\Neeraj\\AppData\\Local\\Temp\\rust_mozprofilec27kYy\\search.json.mozlz4", (void 0)))
1625828828780	Marionette	INFO	Listening on port 65160
console.error: Region.jsm: "Error fetching region" (new Error("TIMEOUT", "resource://gre/modules/Region.jsm", 772))
console.error: Region.jsm: "Failed to fetch region" (new Error("TIMEOUT", "resource://gre/modules/Region.jsm", 419))
1625828830983	Marionette	WARN	TLS certificate errors will be ignored for this session
1625828840060	Marionette	INFO	Stopped listening on port 65160
JavaScript error: resource://gre/modules/AsyncShutdown.jsm, line 718: Error: Phase "Sqlite.jsm: wait until all connections are closed" is finished, it is too late to register completion condition "protections.sqlite#0: waiting for shutdown"
1625916916663	geckodriver	INFO	Listening on 127.0.0.1:51190
1625916919735	mozrunner::runner	INFO	Running command: "C:\\Program Files\\Firefox Developer Edition\\firefox.exe" "--marionette" "--headless" "-foreground" "-no-remote" "-profile" "C:\\Users\\Neeraj\\AppData\\Local\\Temp\\rust_mozprofileRvTBs0"
*** You are running in headless mode.
1625916931174	Marionette	INFO	Marionette enabled
[Parent 7936, IPC I/O Parent] WARNING: file /builds/worker/checkouts/gecko/ipc/chromium/src/base/process_util_win.cc:167
[GFX1-]: RenderCompositorSWGL failed mapping default framebuffer, no dt
console.warn: SearchSettings: "get: No settings file exists, new profile?" (new NotFoundError("Could not open the file at C:\\Users\\Neeraj\\AppData\\Local\\Temp\\rust_mozprofileRvTBs0\\search.json.mozlz4", (void 0)))
console.error: Region.jsm: "Error fetching region" (new Error("TIMEOUT", "resource://gre/modules/Region.jsm", 772))
console.error: Region.jsm: "Failed to fetch region" (new Error("TIMEOUT", "resource://gre/modules/Region.jsm", 419))
1625916963666	Marionette	INFO	Listening on port 51198
1625916964461	Marionette	WARN	TLS certificate errors will be ignored for this session
1625916981967	Marionette	INFO	Stopped listening on port 51198

###!!! [Child][RunMessage] Error: Channel closing: too late to send/recv, messages will be lost


###!!! [Child][RunMessage] Error: Channel closing: too late to send/recv, messages will be lost


###!!! [Child][RunMessage] Error: Channel closing: too late to send/recv, messages will be lost


###!!! [Child][RunMessage] Error: Channel closing: too late to send/recv, messages will be lost

[Parent 7936, IPC I/O Parent] WARNING: file /builds/worker/checkouts/gecko/ipc/chromium/src/base/process_util_win.cc:167
1625917482458	geckodriver	INFO	Listening on 127.0.0.1:59054
1625917485520	mozrunner::runner	INFO	Running command: "C:\\Program Files\\Firefox Developer Edition\\firefox.exe" "--marionette" "--headless" "-foreground" "-no-remote" "-profile" "C:\\Users\\Neeraj\\AppData\\Local\\Temp\\rust_mozprofilec5hgev"
*** You are running in headless mode.
1625917486232	Marionette	INFO	Marionette enabled
[GFX1-]: RenderCompositorSWGL failed mapping default framebuffer, no dt
console.warn: SearchSettings: "get: No settings file exists, new profile?" (new NotFoundError("Could not open the file at C:\\Users\\Neeraj\\AppData\\Local\\Temp\\rust_mozprofilec5hgev\\search.json.mozlz4", (void 0)))
1625917493336	Marionette	INFO	Listening on port 59062
1625917494157	Marionette	WARN	TLS certificate errors will be ignored for this session
1625917503399	Marionette	INFO	Stopped listening on port 59062
[Parent 9760, IPC I/O Parent] WARNING: file /builds/worker/checkouts/gecko/ipc/chromium/src/base/process_util_win.cc:167
1625917550427	geckodriver	INFO	Listening on 127.0.0.1:60502
1625917553449	mozrunner::runner	INFO	Running command: "C:\\Program Files\\Firefox Developer Edition\\firefox.exe" "--marionette" "--headless" "-foreground" "-no-remote" "-profile" "C:\\Users\\Neeraj\\AppData\\Local\\Temp\\rust_mozprofileQagDFb"
*** You are running in headless mode.
1625917555576	Marionette	INFO	Marionette enabled
[GFX1-]: RenderCompositorSWGL failed mapping default framebuffer, no dt
console.warn: SearchSettings: "get: No settings file exists, new profile?" (new NotFoundError("Could not open the file at C:\\Users\\Neeraj\\AppData\\Local\\Temp\\rust_mozprofileQagDFb\\search.json.mozlz4", (void 0)))
1625917560203	Marionette	INFO	Listening on port 60510
1625917560692	Marionette	WARN	TLS certificate errors will be ignored for this session
1625917570511	Marionette	INFO	Stopped listening on port 60510
1625917596261	geckodriver	INFO	Listening on 127.0.0.1:57346
1625917599274	mozrunner::runner	INFO	Running command: "C:\\Program Files\\Firefox Developer Edition\\firefox.exe" "--marionette" "--headless" "-foreground" "-no-remote" "-profile" "C:\\Users\\Neeraj\\AppData\\Local\\Temp\\rust_mozprofileyO6fBs"
*** You are running in headless mode.
1625917601556	Marionette	INFO	Marionette enabled
[GFX1-]: RenderCompositorSWGL failed mapping default framebuffer, no dt
console.warn: SearchSettings: "get: No settings file exists, new profile?" (new NotFoundError("Could not open the file at C:\\Users\\Neeraj\\AppData\\Local\\Temp\\rust_mozprofileyO6fBs\\search.json.mozlz4", (void 0)))
1625917606456	Marionette	INFO	Listening on port 57355
1625917606970	Marionette	WARN	TLS certificate errors will be ignored for this session
1625917616015	Marionette	INFO	Stopped listening on port 57355
[Parent 716, IPC I/O Parent] WARNING: file /builds/worker/checkouts/gecko/ipc/chromium/src/base/process_util_win.cc:167
1625918097199	geckodriver	INFO	Listening on 127.0.0.1:50615
1625918100225	mozrunner::runner	INFO	Running command: "C:\\Program Files\\Firefox Developer Edition\\firefox.exe" "--marionette" "--headless" "-foreground" "-no-remote" "-profile" "C:\\Users\\Neeraj\\AppData\\Local\\Temp\\rust_mozprofileIEiPzK"
*** You are running in headless mode.
1625918102003	Marionette	INFO	Marionette enabled
[GFX1-]: RenderCompositorSWGL failed mapping default framebuffer, no dt
console.warn: SearchSettings: "get: No settings file exists, new profile?" (new NotFoundError("Could not open the file at C:\\Users\\Neeraj\\AppData\\Local\\Temp\\rust_mozprofileIEiPzK\\search.json.mozlz4", (void 0)))
1625918109190	Marionette	INFO	Listening on port 50623
1625918109630	Marionette	WARN	TLS certificate errors will be ignored for this session
1625918120224	Marionette	INFO	Stopped listening on port 50623
1625918665391	geckodriver	INFO	Listening on 127.0.0.1:58404
1625918668412	mozrunner::runner	INFO	Running command: "C:\\Program Files\\Firefox Developer Edition\\firefox.exe" "--marionette" "--headless" "-foreground" "-no-remote" "-profile" "C:\\Users\\Neeraj\\AppData\\Local\\Temp\\rust_mozprofileuK5mbm"
*** You are running in headless mode.
1625918670310	Marionette	INFO	Marionette enabled
[GFX1-]: RenderCompositorSWGL failed mapping default framebuffer, no dt
console.warn: SearchSettings: "get: No settings file exists, new profile?" (new NotFoundError("Could not open the file at C:\\Users\\Neeraj\\AppData\\Local\\Temp\\rust_mozprofileuK5mbm\\search.json.mozlz4", (void 0)))
1625918676935	Marionette	INFO	Listening on port 58412
1625918677195	Marionette	WARN	TLS certificate errors will be ignored for this session
1625918686856	Marionette	INFO	Stopped listening on port 58412

###!!! [Parent][RunMessage] Error: Channel closing: too late to send/recv, messages will be lost

1625918794792	geckodriver	INFO	Listening on 127.0.0.1:50449
1625918797824	mozrunner::runner	INFO	Running command: "C:\\Program Files\\Firefox Developer Edition\\firefox.exe" "--marionette" "--headless" "-foreground" "-no-remote" "-profile" "C:\\Users\\Neeraj\\AppData\\Local\\Temp\\rust_mozprofileJ2PYhe"
*** You are running in headless mode.
1625918799683	Marionette	INFO	Marionette enabled
[GFX1-]: RenderCompositorSWGL failed mapping default framebuffer, no dt
console.warn: SearchSettings: "get: No settings file exists, new profile?" (new NotFoundError("Could not open the file at C:\\Users\\Neeraj\\AppData\\Local\\Temp\\rust_mozprofileJ2PYhe\\search.json.mozlz4", (void 0)))
1625918804777	Marionette	INFO	Listening on port 50458
console.error: Region.jsm: "Error fetching region" (new Error("TIMEOUT", "resource://gre/modules/Region.jsm", 772))
console.error: Region.jsm: "Failed to fetch region" (new Error("TIMEOUT", "resource://gre/modules/Region.jsm", 419))
1625918806847	Marionette	WARN	TLS certificate errors will be ignored for this session
1625918822744	Marionette	INFO	Stopped listening on port 50458
[Parent 8696, IPC I/O Parent] WARNING: file /builds/worker/checkouts/gecko/ipc/chromium/src/base/process_util_win.cc:167

###!!! [Parent][RunMessage] Error: Channel closing: too late to send/recv, messages will be lost

1625920210204	geckodriver	INFO	Listening on 127.0.0.1:54052
1625920213208	mozrunner::runner	INFO	Running command: "C:\\Program Files\\Firefox Developer Edition\\firefox.exe" "--marionette" "--headless" "-foreground" "-no-remote" "-profile" "C:\\Users\\Neeraj\\AppData\\Local\\Temp\\rust_mozprofileDKkX7X"
*** You are running in headless mode.
1625920215386	Marionette	INFO	Marionette enabled
[GFX1-]: RenderCompositorSWGL failed mapping default framebuffer, no dt
console.warn: SearchSettings: "get: No settings file exists, new profile?" (new NotFoundError("Could not open the file at C:\\Users\\Neeraj\\AppData\\Local\\Temp\\rust_mozprofileDKkX7X\\search.json.mozlz4", (void 0)))
1625920222191	Marionette	INFO	Listening on port 54060
1625920222649	Marionette	WARN	TLS certificate errors will be ignored for this session
1625920231690	Marionette	INFO	Stopped listening on port 54060

###!!! [Parent][RunMessage] Error: Channel closing: too late to send/recv, messages will be lost

1625920467405	geckodriver	INFO	Listening on 127.0.0.1:54456
1625920470429	mozrunner::runner	INFO	Running command: "C:\\Program Files\\Firefox Developer Edition\\firefox.exe" "--marionette" "--headless" "-foreground" "-no-remote" "-profile" "C:\\Users\\Neeraj\\AppData\\Local\\Temp\\rust_mozprofileDoAyVc"
*** You are running in headless mode.
1625920472716	Marionette	INFO	Marionette enabled
[GFX1-]: RenderCompositorSWGL failed mapping default framebuffer, no dt
console.warn: SearchSettings: "get: No settings file exists, new profile?" (new NotFoundError("Could not open the file at C:\\Users\\Neeraj\\AppData\\Local\\Temp\\rust_mozprofileDoAyVc\\search.json.mozlz4", (void 0)))
1625920476751	Marionette	INFO	Listening on port 60300
1625920478226	Marionette	WARN	TLS certificate errors will be ignored for this session
1625920488120	Marionette	INFO	Stopped listening on port 60300
JavaScript error: resource://gre/modules/Sqlite.jsm, line 1030: Error: Sqlite.jsm has been shutdown. Cannot open connection to: C:\Users\Neeraj\AppData\Local\Temp\rust_mozprofileDoAyVc\protections.sqlite

###!!! [Parent][RunMessage] Error: Channel closing: too late to send/recv, messages will be lost

1625922104473	geckodriver	INFO	Listening on 127.0.0.1:57207
1625922107514	mozrunner::runner	INFO	Running command: "C:\\Program Files\\Firefox Developer Edition\\firefox.exe" "--marionette" "--headless" "-foreground" "-no-remote" "-profile" "C:\\Users\\Neeraj\\AppData\\Local\\Temp\\rust_mozprofileKp0K8s"
*** You are running in headless mode.
1625922117192	Marionette	INFO	Marionette enabled
[GFX1-]: RenderCompositorSWGL failed mapping default framebuffer, no dt
console.warn: SearchSettings: "get: No settings file exists, new profile?" (new NotFoundError("Could not open the file at C:\\Users\\Neeraj\\AppData\\Local\\Temp\\rust_mozprofileKp0K8s\\search.json.mozlz4", (void 0)))
console.error: Region.jsm: "Error fetching region" (new Error("TIMEOUT", "resource://gre/modules/Region.jsm", 772))
console.error: Region.jsm: "Failed to fetch region" (new Error("TIMEOUT", "resource://gre/modules/Region.jsm", 419))
1625922147672	Marionette	INFO	Listening on port 55853
1625922148020	Marionette	WARN	TLS certificate errors will be ignored for this session
1625922163258	Marionette	INFO	Stopped listening on port 55853
JavaScript error: resource://gre/modules/UrlClassifierListManager.jsm, line 691: TypeError: can't access property "provider", this.tablesData[table] is undefined
[Parent 5668, IPC I/O Parent] WARNING: file /builds/worker/checkouts/gecko/ipc/chromium/src/base/process_util_win.cc:167
[Parent 5668, IPC I/O Parent] WARNING: file /builds/worker/checkouts/gecko/ipc/chromium/src/base/process_util_win.cc:167
1625922930861	geckodriver	INFO	Listening on 127.0.0.1:58746
1625922933872	mozrunner::runner	INFO	Running command: "C:\\Program Files\\Firefox Developer Edition\\firefox.exe" "--marionette" "--headless" "-foreground" "-no-remote" "-profile" "C:\\Users\\Neeraj\\AppData\\Local\\Temp\\rust_mozprofileqKmVMX"
*** You are running in headless mode.
1625922935861	Marionette	INFO	Marionette enabled
[GFX1-]: RenderCompositorSWGL failed mapping default framebuffer, no dt
console.warn: SearchSettings: "get: No settings file exists, new profile?" (new NotFoundError("Could not open the file at C:\\Users\\Neeraj\\AppData\\Local\\Temp\\rust_mozprofileqKmVMX\\search.json.mozlz4", (void 0)))
console.error: Region.jsm: "Error fetching region" (new Error("TIMEOUT", "resource://gre/modules/Region.jsm", 772))
console.error: Region.jsm: "Failed to fetch region" (new Error("TIMEOUT", "resource://gre/modules/Region.jsm", 419))
1625922943749	Marionette	INFO	Listening on port 58755
1625922943983	Marionette	WARN	TLS certificate errors will be ignored for this session
1625922953970	Marionette	INFO	Stopped listening on port 58755
[Parent 1924, IPC I/O Parent] WARNING: file /builds/worker/checkouts/gecko/ipc/chromium/src/base/process_util_win.cc:167

###!!! [Child][MessageChannel] Error: (msgtype=0x590008,name=PHttpChannel::Msg_DeletingChannel) Channel closing: too late to send/recv, messages will be lost

1625922973699	geckodriver	INFO	Listening on 127.0.0.1:52173
1625922976724	mozrunner::runner	INFO	Running command: "C:\\Program Files\\Firefox Developer Edition\\firefox.exe" "--marionette" "--headless" "-foreground" "-no-remote" "-profile" "C:\\Users\\Neeraj\\AppData\\Local\\Temp\\rust_mozprofilezgdCuF"
*** You are running in headless mode.
1625922977547	Marionette	INFO	Marionette enabled
[GFX1-]: RenderCompositorSWGL failed mapping default framebuffer, no dt
console.warn: SearchSettings: "get: No settings file exists, new profile?" (new NotFoundError("Could not open the file at C:\\Users\\Neeraj\\AppData\\Local\\Temp\\rust_mozprofilezgdCuF\\search.json.mozlz4", (void 0)))
1625922982235	Marionette	INFO	Listening on port 52181
1625922982553	Marionette	WARN	TLS certificate errors will be ignored for this session
1625922991102	Marionette	INFO	Stopped listening on port 52181
1625990326236	geckodriver	INFO	Listening on 127.0.0.1:52987
1625990329255	mozrunner::runner	INFO	Running command: "C:\\Program Files\\Firefox Developer Edition\\firefox.exe" "--marionette" "--headless" "-foreground" "-no-remote" "-profile" "C:\\Users\\Neeraj\\AppData\\Local\\Temp\\rust_mozprofileKzMSwI"
*** You are running in headless mode.
1625990335296	Marionette	INFO	Marionette enabled
[GFX1-]: RenderCompositorSWGL failed mapping default framebuffer, no dt
console.warn: SearchSettings: "get: No settings file exists, new profile?" (new NotFoundError("Could not open the file at C:\\Users\\Neeraj\\AppData\\Local\\Temp\\rust_mozprofileKzMSwI\\search.json.mozlz4", (void 0)))
console.error: Region.jsm: "Error fetching region" (new Error("TIMEOUT", "resource://gre/modules/Region.jsm", 772))
console.error: Region.jsm: "Failed to fetch region" (new Error("TIMEOUT", "resource://gre/modules/Region.jsm", 419))
1625990368409	Marionette	INFO	Listening on port 57920
1625990369029	Marionette	WARN	TLS certificate errors will be ignored for this session
1625990385388	Marionette	INFO	Stopped listening on port 57920
[Parent 2516, IPC I/O Parent] WARNING: file /builds/worker/checkouts/gecko/ipc/chromium/src/base/process_util_win.cc:167

###!!! [Parent][RunMessage] Error: Channel closing: too late to send/recv, messages will be lost

1625993483836	geckodriver	INFO	Listening on 127.0.0.1:63232
1625993486828	mozrunner::runner	INFO	Running command: "C:\\Program Files\\Firefox Developer Edition\\firefox.exe" "--marionette" "--headless" "-foreground" "-no-remote" "-profile" "C:\\Users\\Neeraj\\AppData\\Local\\Temp\\rust_mozprofile9tindX"
*** You are running in headless mode.
1625993489630	Marionette	INFO	Marionette enabled
[GFX1-]: RenderCompositorSWGL failed mapping default framebuffer, no dt
console.warn: SearchSettings: "get: No settings file exists, new profile?" (new NotFoundError("Could not open the file at C:\\Users\\Neeraj\\AppData\\Local\\Temp\\rust_mozprofile9tindX\\search.json.mozlz4", (void 0)))
1625993498268	Marionette	INFO	Listening on port 63240
1625993499583	Marionette	WARN	TLS certificate errors will be ignored for this session
1625993514384	Marionette	INFO	Stopped listening on port 63240

###!!! [Parent][RunMessage] Error: Channel closing: too late to send/recv, messages will be lost

1625993569022	geckodriver	INFO	Listening on 127.0.0.1:64968
1625993572051	mozrunner::runner	INFO	Running command: "C:\\Program Files\\Firefox Developer Edition\\firefox.exe" "--marionette" "--headless" "-foreground" "-no-remote" "-profile" "C:\\Users\\Neeraj\\AppData\\Local\\Temp\\rust_mozprofilek0P0XU"
*** You are running in headless mode.
1625993574232	Marionette	INFO	Marionette enabled
[GFX1-]: RenderCompositorSWGL failed mapping default framebuffer, no dt
console.warn: SearchSettings: "get: No settings file exists, new profile?" (new NotFoundError("Could not open the file at C:\\Users\\Neeraj\\AppData\\Local\\Temp\\rust_mozprofilek0P0XU\\search.json.mozlz4", (void 0)))
1625993578468	Marionette	INFO	Listening on port 64976
1625993578707	Marionette	WARN	TLS certificate errors will be ignored for this session
1625993587892	Marionette	INFO	Stopped listening on port 64976

###!!! [Parent][RunMessage] Error: Channel closing: too late to send/recv, messages will be lost

1625993950946	geckodriver	INFO	Listening on 127.0.0.1:58494
1625993953964	mozrunner::runner	INFO	Running command: "C:\\Program Files\\Firefox Developer Edition\\firefox.exe" "--marionette" "--headless" "-foreground" "-no-remote" "-profile" "C:\\Users\\Neeraj\\AppData\\Local\\Temp\\rust_mozprofile6sLtom"
*** You are running in headless mode.
1625993954724	Marionette	INFO	Marionette enabled
[GFX1-]: RenderCompositorSWGL failed mapping default framebuffer, no dt
console.warn: SearchSettings: "get: No settings file exists, new profile?" (new NotFoundError("Could not open the file at C:\\Users\\Neeraj\\AppData\\Local\\Temp\\rust_mozprofile6sLtom\\search.json.mozlz4", (void 0)))
1625993959031	Marionette	INFO	Listening on port 58502
1625993959514	Marionette	WARN	TLS certificate errors will be ignored for this session
1625993973097	Marionette	INFO	Stopped listening on port 58502

###!!! [Parent][RunMessage] Error: Channel closing: too late to send/recv, messages will be lost

1625994007067	geckodriver	INFO	Listening on 127.0.0.1:51357
1625994010099	mozrunner::runner	INFO	Running command: "C:\\Program Files\\Firefox Developer Edition\\firefox.exe" "--marionette" "--headless" "-foreground" "-no-remote" "-profile" "C:\\Users\\Neeraj\\AppData\\Local\\Temp\\rust_mozprofileqdPkQT"
*** You are running in headless mode.
1625994010850	Marionette	INFO	Marionette enabled
[GFX1-]: RenderCompositorSWGL failed mapping default framebuffer, no dt
console.warn: SearchSettings: "get: No settings file exists, new profile?" (new NotFoundError("Could not open the file at C:\\Users\\Neeraj\\AppData\\Local\\Temp\\rust_mozprofileqdPkQT\\search.json.mozlz4", (void 0)))
1625994014971	Marionette	INFO	Listening on port 51365

###!!! [Child][MessageChannel] Error: (msgtype=0x390099,name=PContent::Msg_InitBackground) Channel closing: too late to send/recv, messages will be lost


###!!! [Child][MessageChannel] Error: (msgtype=0x390099,name=PContent::Msg_InitBackground) Channel closing: too late to send/recv, messages will be lost

1625994016278	Marionette	WARN	TLS certificate errors will be ignored for this session
1625994027739	Marionette	INFO	Stopped listening on port 51365
JavaScript error: resource://gre/modules/Sqlite.jsm, line 1030: Error: Sqlite.jsm has been shutdown. Cannot open connection to: C:\Users\Neeraj\AppData\Local\Temp\rust_mozprofileqdPkQT\protections.sqlite
1625994761064	geckodriver	INFO	Listening on 127.0.0.1:55971
1625994764068	mozrunner::runner	INFO	Running command: "C:\\Program Files\\Firefox Developer Edition\\firefox.exe" "--marionette" "--headless" "-foreground" "-no-remote" "-profile" "C:\\Users\\Neeraj\\AppData\\Local\\Temp\\rust_mozprofileX7O136"
*** You are running in headless mode.
1625994764727	Marionette	INFO	Marionette enabled
[GFX1-]: RenderCompositorSWGL failed mapping default framebuffer, no dt
console.warn: SearchSettings: "get: No settings file exists, new profile?" (new NotFoundError("Could not open the file at C:\\Users\\Neeraj\\AppData\\Local\\Temp\\rust_mozprofileX7O136\\search.json.mozlz4", (void 0)))
1625994769622	Marionette	INFO	Listening on port 55979
1625994769666	Marionette	WARN	TLS certificate errors will be ignored for this session
1625994780732	Marionette	INFO	Stopped listening on port 55979
JavaScript error: resource://gre/modules/Sqlite.jsm, line 1030: Error: Sqlite.jsm has been shutdown. Cannot open connection to: C:\Users\Neeraj\AppData\Local\Temp\rust_mozprofileX7O136\protections.sqlite

###!!! [Parent][RunMessage] Error: Channel closing: too late to send/recv, messages will be lost

1625995022417	geckodriver	INFO	Listening on 127.0.0.1:52671
1625995025432	mozrunner::runner	INFO	Running command: "C:\\Program Files\\Firefox Developer Edition\\firefox.exe" "--marionette" "--headless" "-foreground" "-no-remote" "-profile" "C:\\Users\\Neeraj\\AppData\\Local\\Temp\\rust_mozprofileqxwZIb"
*** You are running in headless mode.
1625995026187	Marionette	INFO	Marionette enabled
[GFX1-]: RenderCompositorSWGL failed mapping default framebuffer, no dt
console.warn: SearchSettings: "get: No settings file exists, new profile?" (new NotFoundError("Could not open the file at C:\\Users\\Neeraj\\AppData\\Local\\Temp\\rust_mozprofileqxwZIb\\search.json.mozlz4", (void 0)))
1625995030467	Marionette	INFO	Listening on port 52681

###!!! [Child][MessageChannel] Error: (msgtype=0x390099,name=PContent::Msg_InitBackground) Channel closing: too late to send/recv, messages will be lost


###!!! [Child][MessageChannel] Error: (msgtype=0x390099,name=PContent::Msg_InitBackground) Channel closing: too late to send/recv, messages will be lost

1625995030988	Marionette	WARN	TLS certificate errors will be ignored for this session
1625995039525	Marionette	INFO	Stopped listening on port 52681
JavaScript error: resource://gre/modules/UrlClassifierListManager.jsm, line 691: TypeError: can't access property "provider", this.tablesData[table] is undefined

###!!! [Parent][RunMessage] Error: Channel closing: too late to send/recv, messages will be lost

1625995285134	geckodriver	INFO	Listening on 127.0.0.1:63815
1625995288147	mozrunner::runner	INFO	Running command: "C:\\Program Files\\Firefox Developer Edition\\firefox.exe" "--marionette" "--headless" "-foreground" "-no-remote" "-profile" "C:\\Users\\Neeraj\\AppData\\Local\\Temp\\rust_mozprofileUTfqcO"
*** You are running in headless mode.
1625995288838	Marionette	INFO	Marionette enabled
[GFX1-]: RenderCompositorSWGL failed mapping default framebuffer, no dt
console.warn: SearchSettings: "get: No settings file exists, new profile?" (new NotFoundError("Could not open the file at C:\\Users\\Neeraj\\AppData\\Local\\Temp\\rust_mozprofileUTfqcO\\search.json.mozlz4", (void 0)))
1625995294174	Marionette	INFO	Listening on port 63824
1625995294257	Marionette	WARN	TLS certificate errors will be ignored for this session
1625995303365	Marionette	INFO	Stopped listening on port 63824
[Parent 3952, IPC I/O Parent] WARNING: file /builds/worker/checkouts/gecko/ipc/chromium/src/base/process_util_win.cc:167
JavaScript error: resource://gre/modules/UrlClassifierListManager.jsm, line 691: TypeError: can't access property "provider", this.tablesData[table] is undefined
1625995324494	geckodriver	INFO	Listening on 127.0.0.1:58372
1625995327536	mozrunner::runner	INFO	Running command: "C:\\Program Files\\Firefox Developer Edition\\firefox.exe" "--marionette" "--headless" "-foreground" "-no-remote" "-profile" "C:\\Users\\Neeraj\\AppData\\Local\\Temp\\rust_mozprofilelQh7bb"
*** You are running in headless mode.
1625995328184	Marionette	INFO	Marionette enabled
[GFX1-]: RenderCompositorSWGL failed mapping default framebuffer, no dt
console.warn: SearchSettings: "get: No settings file exists, new profile?" (new NotFoundError("Could not open the file at C:\\Users\\Neeraj\\AppData\\Local\\Temp\\rust_mozprofilelQh7bb\\search.json.mozlz4", (void 0)))
1625995332946	Marionette	INFO	Listening on port 58380
1625995333309	Marionette	WARN	TLS certificate errors will be ignored for this session
1625995341179	Marionette	INFO	Stopped listening on port 58380
[Parent 4024, IPC I/O Parent] WARNING: file /builds/worker/checkouts/gecko/ipc/chromium/src/base/process_util_win.cc:167
1625995586633	geckodriver	INFO	Listening on 127.0.0.1:55603
1625995589655	mozrunner::runner	INFO	Running command: "C:\\Program Files\\Firefox Developer Edition\\firefox.exe" "--marionette" "--headless" "-foreground" "-no-remote" "-profile" "C:\\Users\\Neeraj\\AppData\\Local\\Temp\\rust_mozprofileAM51hG"
*** You are running in headless mode.
1625995590284	Marionette	INFO	Marionette enabled
[GFX1-]: RenderCompositorSWGL failed mapping default framebuffer, no dt
console.warn: SearchSettings: "get: No settings file exists, new profile?" (new NotFoundError("Could not open the file at C:\\Users\\Neeraj\\AppData\\Local\\Temp\\rust_mozprofileAM51hG\\search.json.mozlz4", (void 0)))
1625995595011	Marionette	INFO	Listening on port 55611
1625995595351	Marionette	WARN	TLS certificate errors will be ignored for this session
1625995604434	Marionette	INFO	Stopped listening on port 55611
JavaScript error: resource:///modules/FaviconLoader.jsm, line 596: InvalidStateError: JSWindowActorChild.sendAsyncMessage: JSWindowActorChild cannot send at the moment

###!!! [Parent][MessageChannel] Error: (msgtype=0x1F0011,name=PBackgroundStorage::Msg_Observe) Channel error: cannot send/recv


###!!! [Parent][MessageChannel] Error: (msgtype=0x1F0011,name=PBackgroundStorage::Msg_Observe) Channel error: cannot send/recv

1625998226155	geckodriver	INFO	Listening on 127.0.0.1:60843
1625998229187	mozrunner::runner	INFO	Running command: "C:\\Program Files\\Firefox Developer Edition\\firefox.exe" "--marionette" "--headless" "-foreground" "-no-remote" "-profile" "C:\\Users\\Neeraj\\AppData\\Local\\Temp\\rust_mozprofileLeEsIO"
*** You are running in headless mode.
1625998237210	Marionette	INFO	Marionette enabled
[GFX1-]: RenderCompositorSWGL failed mapping default framebuffer, no dt
console.warn: SearchSettings: "get: No settings file exists, new profile?" (new NotFoundError("Could not open the file at C:\\Users\\Neeraj\\AppData\\Local\\Temp\\rust_mozprofileLeEsIO\\search.json.mozlz4", (void 0)))
console.error: Region.jsm: "Error fetching region" (new Error("TIMEOUT", "resource://gre/modules/Region.jsm", 772))
console.error: Region.jsm: "Failed to fetch region" (new Error("TIMEOUT", "resource://gre/modules/Region.jsm", 419))
1625998264166	Marionette	INFO	Listening on port 60851
1625998265043	Marionette	WARN	TLS certificate errors will be ignored for this session
1625998280926	Marionette	INFO	Stopped listening on port 60851
[Parent 3480, IPC I/O Parent] WARNING: file /builds/worker/checkouts/gecko/ipc/chromium/src/base/process_util_win.cc:167
[Parent 3480, IPC I/O Parent] WARNING: file /builds/worker/checkouts/gecko/ipc/chromium/src/base/process_util_win.cc:167
1625998733116	geckodriver	INFO	Listening on 127.0.0.1:56123
1625998736102	mozrunner::runner	INFO	Running command: "C:\\Program Files\\Firefox Developer Edition\\firefox.exe" "--marionette" "--headless" "-foreground" "-no-remote" "-profile" "C:\\Users\\Neeraj\\AppData\\Local\\Temp\\rust_mozprofileMzBWzZ"
*** You are running in headless mode.
1625998738054	Marionette	INFO	Marionette enabled
[GFX1-]: RenderCompositorSWGL failed mapping default framebuffer, no dt
console.warn: SearchSettings: "get: No settings file exists, new profile?" (new NotFoundError("Could not open the file at C:\\Users\\Neeraj\\AppData\\Local\\Temp\\rust_mozprofileMzBWzZ\\search.json.mozlz4", (void 0)))
1625998742587	Marionette	INFO	Listening on port 60188
1625998743128	Marionette	WARN	TLS certificate errors will be ignored for this session
1625998753904	Marionette	INFO	Stopped listening on port 60188
JavaScript error: resource://gre/modules/UrlClassifierListManager.jsm, line 691: TypeError: can't access property "provider", this.tablesData[table] is undefined
JavaScript error: resource://gre/modules/AsyncShutdown.jsm, line 718: Error: Phase "Sqlite.jsm: wait until all connections are closed" is finished, it is too late to register completion condition "protections.sqlite#0: waiting for shutdown"

###!!! [Parent][RunMessage] Error: Channel closing: too late to send/recv, messages will be lost

1625998856101	geckodriver	INFO	Listening on 127.0.0.1:58259
1625998859105	mozrunner::runner	INFO	Running command: "C:\\Program Files\\Firefox Developer Edition\\firefox.exe" "--marionette" "--headless" "-foreground" "-no-remote" "-profile" "C:\\Users\\Neeraj\\AppData\\Local\\Temp\\rust_mozprofileIbWQdG"
*** You are running in headless mode.
1625998861017	Marionette	INFO	Marionette enabled
[GFX1-]: RenderCompositorSWGL failed mapping default framebuffer, no dt
console.warn: SearchSettings: "get: No settings file exists, new profile?" (new NotFoundError("Could not open the file at C:\\Users\\Neeraj\\AppData\\Local\\Temp\\rust_mozprofileIbWQdG\\search.json.mozlz4", (void 0)))
1625998866111	Marionette	INFO	Listening on port 56214
1625998866252	Marionette	WARN	TLS certificate errors will be ignored for this session
1625998874390	Marionette	INFO	Stopped listening on port 56214
[Parent 3860, IPC I/O Parent] WARNING: file /builds/worker/checkouts/gecko/ipc/chromium/src/base/process_util_win.cc:167
JavaScript error: resource://gre/modules/UrlClassifierListManager.jsm, line 691: TypeError: can't access property "provider", this.tablesData[table] is undefined

###!!! [Parent][RunMessage] Error: Channel closing: too late to send/recv, messages will be lost

1626012647491	geckodriver	INFO	Listening on 127.0.0.1:59248
1626012650505	mozrunner::runner	INFO	Running command: "C:\\Program Files\\Firefox Developer Edition\\firefox.exe" "--marionette" "--headless" "-foreground" "-no-remote" "-profile" "C:\\Users\\Neeraj\\AppData\\Local\\Temp\\rust_mozprofileLfE3M2"
*** You are running in headless mode.
1626012659037	Marionette	INFO	Marionette enabled
[GFX1-]: RenderCompositorSWGL failed mapping default framebuffer, no dt
console.warn: SearchSettings: "get: No settings file exists, new profile?" (new NotFoundError("Could not open the file at C:\\Users\\Neeraj\\AppData\\Local\\Temp\\rust_mozprofileLfE3M2\\search.json.mozlz4", (void 0)))
console.error: Region.jsm: "Error fetching region" (new Error("TIMEOUT", "resource://gre/modules/Region.jsm", 772))
console.error: Region.jsm: "Failed to fetch region" (new Error("TIMEOUT", "resource://gre/modules/Region.jsm", 419))
1626012679484	Marionette	INFO	Listening on port 65214
1626012680215	Marionette	WARN	TLS certificate errors will be ignored for this session
1626012695244	Marionette	INFO	Stopped listening on port 65214
JavaScript error: resource://gre/modules/UrlClassifierListManager.jsm, line 691: TypeError: can't access property "provider", this.tablesData[table] is undefined
[Parent 6820, IPC I/O Parent] WARNING: file /builds/worker/checkouts/gecko/ipc/chromium/src/base/process_util_win.cc:167

###!!! [Parent][RunMessage] Error: Channel closing: too late to send/recv, messages will be lost

1626012783819	geckodriver	INFO	Listening on 127.0.0.1:55915
1626012786857	mozrunner::runner	INFO	Running command: "C:\\Program Files\\Firefox Developer Edition\\firefox.exe" "--marionette" "--headless" "-foreground" "-no-remote" "-profile" "C:\\Users\\Neeraj\\AppData\\Local\\Temp\\rust_mozprofileTA530U"
*** You are running in headless mode.
1626012787652	Marionette	INFO	Marionette enabled
[GFX1-]: RenderCompositorSWGL failed mapping default framebuffer, no dt
console.warn: SearchSettings: "get: No settings file exists, new profile?" (new NotFoundError("Could not open the file at C:\\Users\\Neeraj\\AppData\\Local\\Temp\\rust_mozprofileTA530U\\search.json.mozlz4", (void 0)))
[Parent 8180, IPC I/O Parent] WARNING: file /builds/worker/checkouts/gecko/ipc/chromium/src/base/process_util_win.cc:167
1626012792304	Marionette	INFO	Listening on port 61155
1626012793133	Marionette	WARN	TLS certificate errors will be ignored for this session
1626012802048	Marionette	INFO	Stopped listening on port 61155

###!!! [Parent][RunMessage] Error: Channel closing: too late to send/recv, messages will be lost

1626016538632	geckodriver	INFO	Listening on 127.0.0.1:57287
1626016541652	mozrunner::runner	INFO	Running command: "C:\\Program Files\\Firefox Developer Edition\\firefox.exe" "--marionette" "--headless" "-foreground" "-no-remote" "-profile" "C:\\Users\\Neeraj\\AppData\\Local\\Temp\\rust_mozprofileLCCY6f"
*** You are running in headless mode.
1626016542351	Marionette	INFO	Marionette enabled
[GFX1-]: RenderCompositorSWGL failed mapping default framebuffer, no dt
console.warn: SearchSettings: "get: No settings file exists, new profile?" (new NotFoundError("Could not open the file at C:\\Users\\Neeraj\\AppData\\Local\\Temp\\rust_mozprofileLCCY6f\\search.json.mozlz4", (void 0)))
1626016547997	Marionette	INFO	Listening on port 59675
1626016548231	Marionette	WARN	TLS certificate errors will be ignored for this session
1626016560523	Marionette	INFO	Stopped listening on port 59675
1626016668800	geckodriver	INFO	Listening on 127.0.0.1:62812
1626016671844	mozrunner::runner	INFO	Running command: "C:\\Program Files\\Firefox Developer Edition\\firefox.exe" "--marionette" "--headless" "-foreground" "-no-remote" "-profile" "C:\\Users\\Neeraj\\AppData\\Local\\Temp\\rust_mozprofileSK32EN"
*** You are running in headless mode.
1626016672573	Marionette	INFO	Marionette enabled
[GFX1-]: RenderCompositorSWGL failed mapping default framebuffer, no dt
console.warn: SearchSettings: "get: No settings file exists, new profile?" (new NotFoundError("Could not open the file at C:\\Users\\Neeraj\\AppData\\Local\\Temp\\rust_mozprofileSK32EN\\search.json.mozlz4", (void 0)))
1626016677604	Marionette	INFO	Listening on port 58792
1626016678127	Marionette	WARN	TLS certificate errors will be ignored for this session
1626016687598	Marionette	INFO	Stopped listening on port 58792
1626017013445	geckodriver	INFO	Listening on 127.0.0.1:50652
1626017016471	mozrunner::runner	INFO	Running command: "C:\\Program Files\\Firefox Developer Edition\\firefox.exe" "--marionette" "--headless" "-foreground" "-no-remote" "-profile" "C:\\Users\\Neeraj\\AppData\\Local\\Temp\\rust_mozprofilepQKEUH"
*** You are running in headless mode.
1626017017253	Marionette	INFO	Marionette enabled
[GFX1-]: RenderCompositorSWGL failed mapping default framebuffer, no dt
console.warn: SearchSettings: "get: No settings file exists, new profile?" (new NotFoundError("Could not open the file at C:\\Users\\Neeraj\\AppData\\Local\\Temp\\rust_mozprofilepQKEUH\\search.json.mozlz4", (void 0)))
1626017022515	Marionette	INFO	Listening on port 63063
1626017022590	Marionette	WARN	TLS certificate errors will be ignored for this session
1626017032443	Marionette	INFO	Stopped listening on port 63063
1626017520239	geckodriver	INFO	Listening on 127.0.0.1:53823
1626017523262	mozrunner::runner	INFO	Running command: "C:\\Program Files\\Firefox Developer Edition\\firefox.exe" "--marionette" "--headless" "-foreground" "-no-remote" "-profile" "C:\\Users\\Neeraj\\AppData\\Local\\Temp\\rust_mozprofilevFYklc"
*** You are running in headless mode.
1626017524064	Marionette	INFO	Marionette enabled
[GFX1-]: RenderCompositorSWGL failed mapping default framebuffer, no dt
console.warn: SearchSettings: "get: No settings file exists, new profile?" (new NotFoundError("Could not open the file at C:\\Users\\Neeraj\\AppData\\Local\\Temp\\rust_mozprofilevFYklc\\search.json.mozlz4", (void 0)))
1626017529087	Marionette	INFO	Listening on port 63368
1626017529423	Marionette	WARN	TLS certificate errors will be ignored for this session
1626017539336	Marionette	INFO	Stopped listening on port 63368
1626616113426	geckodriver	INFO	Listening on 127.0.0.1:52767
1626616116564	mozrunner::runner	INFO	Running command: "C:\\Program Files\\Firefox Developer Edition\\firefox.exe" "--marionette" "--headless" "-foreground" "-no-remote" "-profile" "C:\\Users\\Neeraj\\AppData\\Local\\Temp\\rust_mozprofileBJBuwa"
*** You are running in headless mode.
1626616171454	geckodriver	INFO	Listening on 127.0.0.1:49854
1626616174596	mozrunner::runner	INFO	Running command: "C:\\Program Files\\Firefox Developer Edition\\firefox.exe" "--marionette" "--headless" "-foreground" "-no-remote" "-profile" "C:\\Users\\Neeraj\\AppData\\Local\\Temp\\rust_mozprofilevJSezt"
*** You are running in headless mode.
1626616176071	Marionette	INFO	Marionette enabled
[GFX1-]: RenderCompositorSWGL failed mapping default framebuffer, no dt
console.warn: SearchSettings: "get: No settings file exists, new profile?" (new NotFoundError("Could not open the file at C:\\Users\\Neeraj\\AppData\\Local\\Temp\\rust_mozprofilevJSezt\\search.json.mozlz4", (void 0)))
console.error: Region.jsm: "Error fetching region" (new Error("TIMEOUT", "resource://gre/modules/Region.jsm", 772))
console.error: Region.jsm: "Failed to fetch region" (new Error("TIMEOUT", "resource://gre/modules/Region.jsm", 419))
[Parent 4284, IPC I/O Parent] WARNING: file /builds/worker/checkouts/gecko/ipc/chromium/src/base/process_util_win.cc:167
1626616192467	Marionette	INFO	Listening on port 49863
1626616193014	RemoteAgent	WARN	TLS certificate errors will be ignored for this session
console.error: services.settings: 
  main/doh-config Signature failed  InvalidSignatureError: Invalid content signature (main/doh-config)
console.error: services.settings: 
  main/doh-config local data was corrupted
console.warn: services.settings: main/doh-config Signature verified failed. Retry from scratch
console.error: services.settings: 
  main/doh-providers Signature failed  InvalidSignatureError: Invalid content signature (main/doh-providers)
console.error: services.settings: 
  main/doh-providers local data was corrupted
console.warn: services.settings: main/doh-providers Signature verified failed. Retry from scratch
JavaScript error: resource://gre/modules/psm/RemoteSecuritySettings.jsm, line 658: NS_ERROR_ILLEGAL_VALUE: Component returned failure code: 0x80070057 (NS_ERROR_ILLEGAL_VALUE) [nsIXPCComponents_Utils.reportError]
JavaScript error: resource://gre/modules/psm/RemoteSecuritySettings.jsm, line 658: NS_ERROR_ILLEGAL_VALUE: Component returned failure code: 0x80070057 (NS_ERROR_ILLEGAL_VALUE) [nsIXPCComponents_Utils.reportError]
JavaScript error: , line 0: NS_ERROR_NOT_AVAILABLE
ure failed  InvalidSignatureError: Invalid content signature (main/doh-config)
console.error: services.settings: 
  main/doh-config local data was corrupted
console.warn: services.settings: main/doh-config Signature verified failed. Retry from scratch
console.error: services.settings: 
  main/doh-providers Signature failed  InvalidSignatureError: Invalid content signature (main/doh-providers)
console.error: services.settings: 
  main/doh-providers local data was corrupted
console.warn: services.settings: main/doh-providers Signature verified failed. Retry from scratch
JavaScript error: resource://gre/modules/psm/RemoteSecuritySettings.jsm, line 658: NS_ERROR_ILLEGAL_VALUE: Component returned failure code: 0x80070057 (NS_ERROR_ILLEGAL_VALUE) [nsIXPCComponents_Utils.reportError]
JavaScript error: , line 0: NS_ERROR_NOT_AVAILABLE
1627012667099	geckodriver	INFO	Listening on 127.0.0.1:54554
1627012670187	mozrunner::runner	INFO	Running command: "C:\\Program Files\\Firefox Developer Edition\\firefox.exe" "--marionette" "--headless" "-foreground" "-no-remote" "-profile" "C:\\Users\\Neeraj\\AppData\\Local\\Temp\\rust_mozprofile9BhmMo"
*** You are running in headless mode.
1627012681711	Marionette	INFO	Marionette enabled
[GFX1-]: RenderCompositorSWGL failed mapping default framebuffer, no dt
console.warn: SearchSettings: "get: No settings file exists, new profile?" (new NotFoundError("Could not open the file at C:\\Users\\Neeraj\\AppData\\Local\\Temp\\rust_mozprofile9BhmMo\\search.json.mozlz4", (void 0)))
[Parent 9952, IPC I/O Parent] WARNING: file /builds/worker/checkouts/gecko/ipc/chromium/src/base/process_util_win.cc:167
1627012712141	Marionette	INFO	Listening on port 54562
1627012712588	RemoteAgent	WARN	TLS certificate errors will be ignored for this session
console.error: services.settings: 
  main/doh-config Signature failed  InvalidSignatureError: Invalid content signature (main/doh-config)
console.error: services.settings: 
  main/doh-config local data was corrupted
console.warn: services.settings: main/doh-config Signature verified failed. Retry from scratch
console.error: services.settings: 
  main/doh-providers Signature failed  InvalidSignatureError: Invalid content signature (main/doh-providers)
console.error: services.settings: 
  main/doh-providers local data was corrupted
console.warn: services.settings: main/doh-providers Signature verified failed. Retry from scratch
JavaScript error: resource://gre/modules/psm/RemoteSecuritySettings.jsm, line 658: NS_ERROR_ILLEGAL_VALUE: Component returned failure code: 0x80070057 (NS_ERROR_ILLEGAL_VALUE) [nsIXPCComponents_Utils.reportError]
1627014217439	geckodriver	INFO	Listening on 127.0.0.1:62405
1627017537893	geckodriver	INFO	Listening on 127.0.0.1:49760
1627017540980	mozrunner::runner	INFO	Running command: "C:\\Program Files\\Mozilla Firefox\\firefox.exe" "--marionette" "-foreground" "-no-remote" "-profile" "C:\\Users\\Neeraj\\AppData\\Local\\Temp\\rust_mozprofileLZg8qs"
1627017542948	Marionette	INFO	Marionette enabled
console.warn: SearchSettings: "get: No settings file exists, new profile?" (new NotFoundError("Could not open the file at C:\\Users\\Neeraj\\AppData\\Local\\Temp\\rust_mozprofileLZg8qs\\search.json.mozlz4", (void 0)))
[Parent 7360, IPC I/O Parent] WARNING: file /builds/worker/checkouts/gecko/ipc/chromium/src/base/process_util_win.cc:167
console.error: Region.jsm: "Error fetching region" (new Error("TIMEOUT", "resource://gre/modules/Region.jsm", 772))
console.error: Region.jsm: "Failed to fetch region" (new Error("TIMEOUT", "resource://gre/modules/Region.jsm", 419))
1627017568917	Marionette	INFO	Listening on port 49768
1627017570557	Marionette	WARN	TLS certificate errors will be ignored for this session
console.error: services.settings: 
  main/doh-config Signature failed  InvalidSignatureError: Invalid content signature (main/doh-config)
console.error: services.settings: 
  main/doh-config local data was corrupted
console.warn: services.settings: main/doh-config Signature verified failed. Retry from scratch
console.error: services.settings: 
  main/doh-providers Signature failed  InvalidSignatureError: Invalid content signature (main/doh-providers)
console.error: services.settings: 
  main/doh-providers local data was corrupted
console.warn: services.settings: main/doh-providers Signature verified failed. Retry from scratch
console.log: WebExtensions: reset-default-search: starting.
console.log: WebExtensions: reset-default-search: No addons in our list are installed.
1627020848017	Marionette	INFO	Stopped listening on port 49768
1627021119878	geckodriver	INFO	Listening on 127.0.0.1:54452
1627024305173	geckodriver	INFO	Listening on 127.0.0.1:57065
1627024321063	geckodriver	INFO	Listening on 127.0.0.1:53823
1627137983194	geckodriver	INFO	Listening on 127.0.0.1:57785
